<?xml version="1.0" encoding="UTF-8"?>
<testng-results ignored="0" total="2" passed="2" failed="0" skipped="0">
  <reporter-output>
  </reporter-output>
  <suite started-at="2020-04-06T17:31:16 IST" name="Default suite" finished-at="2020-04-06T17:31:21 IST" duration-ms="4523">
    <groups>
    </groups>
    <test started-at="2020-04-06T17:31:16 IST" name="Default test" finished-at="2020-04-06T17:31:21 IST" duration-ms="4523">
      <class name="GET">
        <test-method signature="test_1()[pri:0, instance:GET@78b1cc93]" started-at="2020-04-06T17:31:16 IST" name="test_1" finished-at="2020-04-06T17:31:19 IST" duration-ms="2869" status="PASS">
          <reporter-output>
          </reporter-output>
        </test-method> <!-- test_1 -->
        <test-method signature="test_2()[pri:0, instance:GET@78b1cc93]" started-at="2020-04-06T17:31:19 IST" name="test_2" finished-at="2020-04-06T17:31:21 IST" duration-ms="1604" status="PASS">
          <reporter-output>
          </reporter-output>
        </test-method> <!-- test_2 -->
      </class> <!-- GET -->
    </test> <!-- Default test -->
  </suite> <!-- Default suite -->
</testng-results>
